
*** Running vivado
    with args -log c_addsub_1.vds -m64 -product Vivado -mode batch -messageDb vivado.pb -notrace -source c_addsub_1.tcl


****** Vivado v2024.2 (64-bit)
  **** SW Build 5239630 on Fri Nov 08 22:34:34 MST 2024
  **** IP Build 5239520 on Sun Nov 10 16:12:51 MST 2024
  **** SharedData Build 5239561 on Fri Nov 08 14:39:27 MST 2024
  **** Start of session at: Wed Apr 16 09:33:26 2025
    ** Copyright 1986-2022 Xilinx, Inc. All Rights Reserved.
    ** Copyright 2022-2024 Advanced Micro Devices, Inc. All Rights Reserved.

source c_addsub_1.tcl -notrace
INFO: [IP_Flow 19-6924] IPCACHE: Running cache check for IP inst: c_addsub_1
Command: synth_design -top c_addsub_1 -part xczu7ev-ffvc1156-2-e -incremental_mode off -mode out_of_context
Starting synth_design
Attempting to get a license for feature 'Synthesis' and/or device 'xczu7ev'
INFO: [Common 17-349] Got license for feature 'Synthesis' and/or device 'xczu7ev'
INFO: [Device 21-403] Loading part xczu7ev-ffvc1156-2-e
INFO: [Synth 8-7079] Multithreading enabled for synth_design using a maximum of 7 processes.
INFO: [Synth 8-7078] Launching helper process for spawning children vivado processes
INFO: [Synth 8-7075] Helper process launched with PID 25188
---------------------------------------------------------------------------------
Starting RTL Elaboration : Time (s): cpu = 00:00:02 ; elapsed = 00:00:02 . Memory (MB): peak = 2793.719 ; gain = 123.688 ; free physical = 17755 ; free virtual = 53008
---------------------------------------------------------------------------------
INFO: [Synth 8-638] synthesizing module 'c_addsub_1' [/home/imperator/Code/RecRepEvent/HW/EventRecRep.gen/sources_1/ip/c_addsub_1/synth/c_addsub_1.vhd:68]
	Parameter C_VERBOSITY bound to: 0 - type: integer 
	Parameter C_XDEVICEFAMILY bound to: zynquplus - type: string 
	Parameter C_IMPLEMENTATION bound to: 0 - type: integer 
	Parameter C_A_WIDTH bound to: 8 - type: integer 
	Parameter C_B_WIDTH bound to: 8 - type: integer 
	Parameter C_OUT_WIDTH bound to: 8 - type: integer 
	Parameter C_CE_OVERRIDES_SCLR bound to: 0 - type: integer 
	Parameter C_A_TYPE bound to: 1 - type: integer 
	Parameter C_B_TYPE bound to: 1 - type: integer 
	Parameter C_LATENCY bound to: 2 - type: integer 
	Parameter C_ADD_MODE bound to: 1 - type: integer 
	Parameter C_B_CONSTANT bound to: 0 - type: integer 
	Parameter C_B_VALUE bound to: 00000000 - type: string 
	Parameter C_AINIT_VAL bound to: 0 - type: string 
	Parameter C_SINIT_VAL bound to: 0 - type: string 
	Parameter C_CE_OVERRIDES_BYPASS bound to: 1 - type: integer 
	Parameter C_BYPASS_LOW bound to: 0 - type: integer 
	Parameter C_SCLR_OVERRIDES_SSET bound to: 1 - type: integer 
	Parameter C_HAS_C_IN bound to: 0 - type: integer 
	Parameter C_HAS_C_OUT bound to: 0 - type: integer 
	Parameter C_BORROW_LOW bound to: 1 - type: integer 
	Parameter C_HAS_CE bound to: 0 - type: integer 
	Parameter C_HAS_BYPASS bound to: 0 - type: integer 
	Parameter C_HAS_SCLR bound to: 0 - type: integer 
	Parameter C_HAS_SSET bound to: 0 - type: integer 
	Parameter C_HAS_SINIT bound to: 0 - type: integer 
INFO: [Synth 8-3491] module 'c_addsub_v12_0_19' declared at '/home/imperator/Code/RecRepEvent/HW/EventRecRep.gen/sources_1/ip/c_addsub_1/hdl/c_addsub_v12_0_vh_rfs.vhd:7261' bound to instance 'U0' of component 'c_addsub_v12_0_19' [/home/imperator/Code/RecRepEvent/HW/EventRecRep.gen/sources_1/ip/c_addsub_1/synth/c_addsub_1.vhd:138]
INFO: [Synth 8-256] done synthesizing module 'c_addsub_1' (0#1) [/home/imperator/Code/RecRepEvent/HW/EventRecRep.gen/sources_1/ip/c_addsub_1/synth/c_addsub_1.vhd:68]
WARNING: [Synth 8-7129] Port CE in module c_reg_fd_v12_0_10_viv__parameterized4 is either unconnected or has no load
WARNING: [Synth 8-7129] Port AINIT in module c_reg_fd_v12_0_10_viv__parameterized4 is either unconnected or has no load
WARNING: [Synth 8-7129] Port ACLR in module c_reg_fd_v12_0_10_viv__parameterized4 is either unconnected or has no load
WARNING: [Synth 8-7129] Port ASET in module c_reg_fd_v12_0_10_viv__parameterized4 is either unconnected or has no load
WARNING: [Synth 8-7129] Port SINIT in module c_reg_fd_v12_0_10_viv__parameterized4 is either unconnected or has no load
WARNING: [Synth 8-7129] Port SCLR in module c_reg_fd_v12_0_10_viv__parameterized4 is either unconnected or has no load
WARNING: [Synth 8-7129] Port SSET in module c_reg_fd_v12_0_10_viv__parameterized4 is either unconnected or has no load
WARNING: [Synth 8-7129] Port CE in module c_reg_fd_v12_0_10_viv__parameterized1 is either unconnected or has no load
WARNING: [Synth 8-7129] Port AINIT in module c_reg_fd_v12_0_10_viv__parameterized1 is either unconnected or has no load
WARNING: [Synth 8-7129] Port ACLR in module c_reg_fd_v12_0_10_viv__parameterized1 is either unconnected or has no load
WARNING: [Synth 8-7129] Port ASET in module c_reg_fd_v12_0_10_viv__parameterized1 is either unconnected or has no load
WARNING: [Synth 8-7129] Port SINIT in module c_reg_fd_v12_0_10_viv__parameterized1 is either unconnected or has no load
WARNING: [Synth 8-7129] Port SCLR in module c_reg_fd_v12_0_10_viv__parameterized1 is either unconnected or has no load
WARNING: [Synth 8-7129] Port SSET in module c_reg_fd_v12_0_10_viv__parameterized1 is either unconnected or has no load
WARNING: [Synth 8-7129] Port b[3] in module c_addsub_v12_0_19_lut6_legacy__parameterized3 is either unconnected or has no load
WARNING: [Synth 8-7129] Port b[2] in module c_addsub_v12_0_19_lut6_legacy__parameterized3 is either unconnected or has no load
WARNING: [Synth 8-7129] Port b[1] in module c_addsub_v12_0_19_lut6_legacy__parameterized3 is either unconnected or has no load
WARNING: [Synth 8-7129] Port b[0] in module c_addsub_v12_0_19_lut6_legacy__parameterized3 is either unconnected or has no load
WARNING: [Synth 8-7129] Port add in module c_addsub_v12_0_19_lut6_legacy__parameterized3 is either unconnected or has no load
WARNING: [Synth 8-7129] Port ce in module c_addsub_v12_0_19_lut6_legacy__parameterized3 is either unconnected or has no load
WARNING: [Synth 8-7129] Port bypass in module c_addsub_v12_0_19_lut6_legacy__parameterized3 is either unconnected or has no load
WARNING: [Synth 8-7129] Port sclr in module c_addsub_v12_0_19_lut6_legacy__parameterized3 is either unconnected or has no load
WARNING: [Synth 8-7129] Port sset in module c_addsub_v12_0_19_lut6_legacy__parameterized3 is either unconnected or has no load
WARNING: [Synth 8-7129] Port sinit in module c_addsub_v12_0_19_lut6_legacy__parameterized3 is either unconnected or has no load
WARNING: [Synth 8-7129] Port add in module c_addsub_v12_0_19_lut6_legacy__parameterized1 is either unconnected or has no load
WARNING: [Synth 8-7129] Port c_in in module c_addsub_v12_0_19_lut6_legacy__parameterized1 is either unconnected or has no load
WARNING: [Synth 8-7129] Port ce in module c_addsub_v12_0_19_lut6_legacy__parameterized1 is either unconnected or has no load
WARNING: [Synth 8-7129] Port bypass in module c_addsub_v12_0_19_lut6_legacy__parameterized1 is either unconnected or has no load
WARNING: [Synth 8-7129] Port sclr in module c_addsub_v12_0_19_lut6_legacy__parameterized1 is either unconnected or has no load
WARNING: [Synth 8-7129] Port sset in module c_addsub_v12_0_19_lut6_legacy__parameterized1 is either unconnected or has no load
WARNING: [Synth 8-7129] Port sinit in module c_addsub_v12_0_19_lut6_legacy__parameterized1 is either unconnected or has no load
WARNING: [Synth 8-7129] Port CE in module c_reg_fd_v12_0_10_viv is either unconnected or has no load
WARNING: [Synth 8-7129] Port AINIT in module c_reg_fd_v12_0_10_viv is either unconnected or has no load
WARNING: [Synth 8-7129] Port ACLR in module c_reg_fd_v12_0_10_viv is either unconnected or has no load
WARNING: [Synth 8-7129] Port ASET in module c_reg_fd_v12_0_10_viv is either unconnected or has no load
WARNING: [Synth 8-7129] Port SINIT in module c_reg_fd_v12_0_10_viv is either unconnected or has no load
WARNING: [Synth 8-7129] Port SCLR in module c_reg_fd_v12_0_10_viv is either unconnected or has no load
WARNING: [Synth 8-7129] Port SSET in module c_reg_fd_v12_0_10_viv is either unconnected or has no load
WARNING: [Synth 8-7129] Port add in module c_addsub_v12_0_19_lut6_legacy is either unconnected or has no load
WARNING: [Synth 8-7129] Port c_in in module c_addsub_v12_0_19_lut6_legacy is either unconnected or has no load
WARNING: [Synth 8-7129] Port ce in module c_addsub_v12_0_19_lut6_legacy is either unconnected or has no load
WARNING: [Synth 8-7129] Port bypass in module c_addsub_v12_0_19_lut6_legacy is either unconnected or has no load
WARNING: [Synth 8-7129] Port sclr in module c_addsub_v12_0_19_lut6_legacy is either unconnected or has no load
WARNING: [Synth 8-7129] Port sset in module c_addsub_v12_0_19_lut6_legacy is either unconnected or has no load
WARNING: [Synth 8-7129] Port sinit in module c_addsub_v12_0_19_lut6_legacy is either unconnected or has no load
WARNING: [Synth 8-7129] Port add in module c_addsub_v12_0_19_legacy is either unconnected or has no load
WARNING: [Synth 8-7129] Port c_in in module c_addsub_v12_0_19_legacy is either unconnected or has no load
WARNING: [Synth 8-7129] Port b_in in module c_addsub_v12_0_19_legacy is either unconnected or has no load
WARNING: [Synth 8-7129] Port bypass in module c_addsub_v12_0_19_legacy is either unconnected or has no load
WARNING: [Synth 8-7129] Port aclr in module c_addsub_v12_0_19_legacy is either unconnected or has no load
WARNING: [Synth 8-7129] Port aset in module c_addsub_v12_0_19_legacy is either unconnected or has no load
WARNING: [Synth 8-7129] Port ainit in module c_addsub_v12_0_19_legacy is either unconnected or has no load
WARNING: [Synth 8-7129] Port sset in module c_addsub_v12_0_19_legacy is either unconnected or has no load
WARNING: [Synth 8-7129] Port sinit in module c_addsub_v12_0_19_legacy is either unconnected or has no load
WARNING: [Synth 8-7129] Port a_signed in module c_addsub_v12_0_19_legacy is either unconnected or has no load
WARNING: [Synth 8-7129] Port b_signed in module c_addsub_v12_0_19_legacy is either unconnected or has no load
WARNING: [Synth 8-7129] Port C_IN in module c_addsub_v12_0_19_viv is either unconnected or has no load
---------------------------------------------------------------------------------
Finished RTL Elaboration : Time (s): cpu = 00:00:03 ; elapsed = 00:00:03 . Memory (MB): peak = 2875.688 ; gain = 205.656 ; free physical = 17668 ; free virtual = 52922
---------------------------------------------------------------------------------
---------------------------------------------------------------------------------
Start Handling Custom Attributes
---------------------------------------------------------------------------------
---------------------------------------------------------------------------------
Finished Handling Custom Attributes : Time (s): cpu = 00:00:03 ; elapsed = 00:00:03 . Memory (MB): peak = 2875.688 ; gain = 205.656 ; free physical = 17668 ; free virtual = 52922
---------------------------------------------------------------------------------
---------------------------------------------------------------------------------
Finished RTL Optimization Phase 1 : Time (s): cpu = 00:00:03 ; elapsed = 00:00:03 . Memory (MB): peak = 2875.688 ; gain = 205.656 ; free physical = 17668 ; free virtual = 52922
---------------------------------------------------------------------------------
Netlist sorting complete. Time (s): cpu = 00:00:00 ; elapsed = 00:00:00 . Memory (MB): peak = 2883.688 ; gain = 0.000 ; free physical = 17668 ; free virtual = 52922
INFO: [Netlist 29-17] Analyzing 23 Unisim elements for replacement
INFO: [Netlist 29-28] Unisim Transformation completed in 0 CPU seconds
INFO: [Project 1-570] Preparing netlist for logic optimization

Processing XDC Constraints
Initializing timing engine
Parsing XDC File [/home/imperator/Code/RecRepEvent/HW/EventRecRep.gen/sources_1/ip/c_addsub_1/c_addsub_1_ooc.xdc] for cell 'U0'
Finished Parsing XDC File [/home/imperator/Code/RecRepEvent/HW/EventRecRep.gen/sources_1/ip/c_addsub_1/c_addsub_1_ooc.xdc] for cell 'U0'
Parsing XDC File [/home/imperator/Code/RecRepEvent/HW/EventRecRep.runs/c_addsub_1_synth_1/dont_touch.xdc]
Finished Parsing XDC File [/home/imperator/Code/RecRepEvent/HW/EventRecRep.runs/c_addsub_1_synth_1/dont_touch.xdc]
Completed Processing XDC Constraints

Netlist sorting complete. Time (s): cpu = 00:00:00 ; elapsed = 00:00:00 . Memory (MB): peak = 3016.562 ; gain = 0.000 ; free physical = 17674 ; free virtual = 52928
INFO: [Project 1-111] Unisim Transformation Summary:
No Unisim elements were transformed.

Constraint Validation Runtime : Time (s): cpu = 00:00:00.01 ; elapsed = 00:00:00 . Memory (MB): peak = 3016.562 ; gain = 0.000 ; free physical = 17674 ; free virtual = 52928
INFO: [Designutils 20-5008] Incremental synthesis strategy off
---------------------------------------------------------------------------------
Finished Constraint Validation : Time (s): cpu = 00:00:08 ; elapsed = 00:00:08 . Memory (MB): peak = 3016.562 ; gain = 346.531 ; free physical = 17686 ; free virtual = 52940
---------------------------------------------------------------------------------
---------------------------------------------------------------------------------
Start Loading Part and Timing Information
---------------------------------------------------------------------------------
Loading part: xczu7ev-ffvc1156-2-e
INFO: [Synth 8-6742] Reading net delay rules and data
---------------------------------------------------------------------------------
Finished Loading Part and Timing Information : Time (s): cpu = 00:00:08 ; elapsed = 00:00:08 . Memory (MB): peak = 3024.566 ; gain = 354.535 ; free physical = 17686 ; free virtual = 52940
---------------------------------------------------------------------------------
---------------------------------------------------------------------------------
Start Applying 'set_property' XDC Constraints
---------------------------------------------------------------------------------
Applied set_property KEEP_HIERARCHY = SOFT for U0. (constraint file  /home/imperator/Code/RecRepEvent/HW/EventRecRep.runs/c_addsub_1_synth_1/dont_touch.xdc, line 9).
---------------------------------------------------------------------------------
Finished applying 'set_property' XDC Constraints : Time (s): cpu = 00:00:08 ; elapsed = 00:00:08 . Memory (MB): peak = 3024.566 ; gain = 354.535 ; free physical = 17686 ; free virtual = 52939
---------------------------------------------------------------------------------
---------------------------------------------------------------------------------
Finished RTL Optimization Phase 2 : Time (s): cpu = 00:00:08 ; elapsed = 00:00:08 . Memory (MB): peak = 3024.566 ; gain = 354.535 ; free physical = 17686 ; free virtual = 52940
---------------------------------------------------------------------------------
---------------------------------------------------------------------------------
Start RTL Component Statistics 
---------------------------------------------------------------------------------
---------------------------------------------------------------------------------
Finished RTL Component Statistics 
---------------------------------------------------------------------------------
---------------------------------------------------------------------------------
Start Part Resource Summary
---------------------------------------------------------------------------------
Part Resources:
DSPs: 1728 (col length:144)
BRAMs: 624 (col length: RAMB18 144 RAMB36 72)
---------------------------------------------------------------------------------
Finished Part Resource Summary
---------------------------------------------------------------------------------
---------------------------------------------------------------------------------
Start Cross Boundary and Area Optimization
---------------------------------------------------------------------------------
WARNING: [Synth 8-7080] Parallel synthesis criteria is not met
WARNING: [Synth 8-7129] Port ADD in module c_addsub_v12_0_19_viv is either unconnected or has no load
WARNING: [Synth 8-7129] Port C_IN in module c_addsub_v12_0_19_viv is either unconnected or has no load
WARNING: [Synth 8-7129] Port CE in module c_addsub_v12_0_19_viv is either unconnected or has no load
WARNING: [Synth 8-7129] Port BYPASS in module c_addsub_v12_0_19_viv is either unconnected or has no load
WARNING: [Synth 8-7129] Port SCLR in module c_addsub_v12_0_19_viv is either unconnected or has no load
WARNING: [Synth 8-7129] Port SSET in module c_addsub_v12_0_19_viv is either unconnected or has no load
WARNING: [Synth 8-7129] Port SINIT in module c_addsub_v12_0_19_viv is either unconnected or has no load
---------------------------------------------------------------------------------
Finished Cross Boundary and Area Optimization : Time (s): cpu = 00:00:09 ; elapsed = 00:00:09 . Memory (MB): peak = 3024.566 ; gain = 354.535 ; free physical = 17691 ; free virtual = 52946
---------------------------------------------------------------------------------
---------------------------------------------------------------------------------
Start Applying XDC Timing Constraints
---------------------------------------------------------------------------------
---------------------------------------------------------------------------------
Finished Applying XDC Timing Constraints : Time (s): cpu = 00:00:13 ; elapsed = 00:00:13 . Memory (MB): peak = 3611.727 ; gain = 941.695 ; free physical = 17152 ; free virtual = 52406
---------------------------------------------------------------------------------
---------------------------------------------------------------------------------
Start Timing Optimization
---------------------------------------------------------------------------------
---------------------------------------------------------------------------------
Finished Timing Optimization : Time (s): cpu = 00:00:13 ; elapsed = 00:00:13 . Memory (MB): peak = 3612.727 ; gain = 942.695 ; free physical = 17152 ; free virtual = 52406
---------------------------------------------------------------------------------
---------------------------------------------------------------------------------
Start Technology Mapping
---------------------------------------------------------------------------------
---------------------------------------------------------------------------------
Finished Technology Mapping : Time (s): cpu = 00:00:13 ; elapsed = 00:00:13 . Memory (MB): peak = 3621.742 ; gain = 951.711 ; free physical = 17144 ; free virtual = 52399
---------------------------------------------------------------------------------
---------------------------------------------------------------------------------
Start IO Insertion
---------------------------------------------------------------------------------
---------------------------------------------------------------------------------
Start Flattening Before IO Insertion
---------------------------------------------------------------------------------
---------------------------------------------------------------------------------
Finished Flattening Before IO Insertion
---------------------------------------------------------------------------------
---------------------------------------------------------------------------------
Start Final Netlist Cleanup
---------------------------------------------------------------------------------
---------------------------------------------------------------------------------
Finished Final Netlist Cleanup
---------------------------------------------------------------------------------
---------------------------------------------------------------------------------
Finished IO Insertion : Time (s): cpu = 00:00:14 ; elapsed = 00:00:14 . Memory (MB): peak = 3792.555 ; gain = 1122.523 ; free physical = 17016 ; free virtual = 52270
---------------------------------------------------------------------------------
---------------------------------------------------------------------------------
Start Renaming Generated Instances
---------------------------------------------------------------------------------
---------------------------------------------------------------------------------
Finished Renaming Generated Instances : Time (s): cpu = 00:00:14 ; elapsed = 00:00:14 . Memory (MB): peak = 3792.555 ; gain = 1122.523 ; free physical = 17016 ; free virtual = 52270
---------------------------------------------------------------------------------
---------------------------------------------------------------------------------
Start Rebuilding User Hierarchy
---------------------------------------------------------------------------------
---------------------------------------------------------------------------------
Finished Rebuilding User Hierarchy : Time (s): cpu = 00:00:14 ; elapsed = 00:00:14 . Memory (MB): peak = 3792.555 ; gain = 1122.523 ; free physical = 17016 ; free virtual = 52270
---------------------------------------------------------------------------------
---------------------------------------------------------------------------------
Start Renaming Generated Ports
---------------------------------------------------------------------------------
---------------------------------------------------------------------------------
Finished Renaming Generated Ports : Time (s): cpu = 00:00:14 ; elapsed = 00:00:14 . Memory (MB): peak = 3792.555 ; gain = 1122.523 ; free physical = 17016 ; free virtual = 52270
---------------------------------------------------------------------------------
---------------------------------------------------------------------------------
Start Handling Custom Attributes
---------------------------------------------------------------------------------
---------------------------------------------------------------------------------
Finished Handling Custom Attributes : Time (s): cpu = 00:00:14 ; elapsed = 00:00:14 . Memory (MB): peak = 3792.555 ; gain = 1122.523 ; free physical = 17016 ; free virtual = 52270
---------------------------------------------------------------------------------
---------------------------------------------------------------------------------
Start Renaming Generated Nets
---------------------------------------------------------------------------------
---------------------------------------------------------------------------------
Finished Renaming Generated Nets : Time (s): cpu = 00:00:14 ; elapsed = 00:00:14 . Memory (MB): peak = 3792.555 ; gain = 1122.523 ; free physical = 17016 ; free virtual = 52270
---------------------------------------------------------------------------------
---------------------------------------------------------------------------------
Start Writing Synthesis Report
---------------------------------------------------------------------------------

Report BlackBoxes: 
+-+--------------+----------+
| |BlackBox name |Instances |
+-+--------------+----------+
+-+--------------+----------+

Report Cell Usage: 
+------+------+------+
|      |Cell  |Count |
+------+------+------+
|1     |LUT1  |     4|
|2     |LUT2  |     8|
|3     |MUXCY |    10|
|4     |XORCY |    12|
|5     |FDRE  |    17|
+------+------+------+
---------------------------------------------------------------------------------
Finished Writing Synthesis Report : Time (s): cpu = 00:00:14 ; elapsed = 00:00:14 . Memory (MB): peak = 3792.555 ; gain = 1122.523 ; free physical = 17016 ; free virtual = 52270
---------------------------------------------------------------------------------
Synthesis finished with 0 errors, 0 critical warnings and 8 warnings.
Synthesis Optimization Runtime : Time (s): cpu = 00:00:11 ; elapsed = 00:00:11 . Memory (MB): peak = 3792.555 ; gain = 981.648 ; free physical = 17016 ; free virtual = 52270
Synthesis Optimization Complete : Time (s): cpu = 00:00:14 ; elapsed = 00:00:15 . Memory (MB): peak = 3792.555 ; gain = 1122.523 ; free physical = 17016 ; free virtual = 52270
INFO: [Project 1-571] Translating synthesized netlist
Netlist sorting complete. Time (s): cpu = 00:00:00 ; elapsed = 00:00:00 . Memory (MB): peak = 3792.555 ; gain = 0.000 ; free physical = 17016 ; free virtual = 52270
INFO: [Netlist 29-17] Analyzing 22 Unisim elements for replacement
INFO: [Netlist 29-28] Unisim Transformation completed in 0 CPU seconds
INFO: [Project 1-570] Preparing netlist for logic optimization
INFO: [Opt 31-138] Pushed 0 inverter(s) to 0 load pin(s).
Netlist sorting complete. Time (s): cpu = 00:00:00 ; elapsed = 00:00:00 . Memory (MB): peak = 3792.555 ; gain = 0.000 ; free physical = 17185 ; free virtual = 52439
INFO: [Project 1-111] Unisim Transformation Summary:
  A total of 3 instances were transformed.
  (CARRY4) => CARRY8: 3 instances

Synth Design complete | Checksum: f7f8b3c1
INFO: [Common 17-83] Releasing license: Synthesis
22 Infos, 65 Warnings, 0 Critical Warnings and 0 Errors encountered.
synth_design completed successfully
synth_design: Time (s): cpu = 00:00:22 ; elapsed = 00:00:21 . Memory (MB): peak = 3792.555 ; gain = 2245.465 ; free physical = 17185 ; free virtual = 52439
INFO: [Common 17-2834] synth_design peak Physical Memory [PSS] (MB): overall = 2937.276; main = 2937.276; forked = 269.189
INFO: [Common 17-2834] synth_design peak Virtual Memory [VSS] (MB): overall = 4149.078; main = 3718.727; forked = 950.793
Write ShapeDB Complete: Time (s): cpu = 00:00:00 ; elapsed = 00:00:00 . Memory (MB): peak = 3792.555 ; gain = 0.000 ; free physical = 17185 ; free virtual = 52439
INFO: [Common 17-1381] The checkpoint '/home/imperator/Code/RecRepEvent/HW/EventRecRep.runs/c_addsub_1_synth_1/c_addsub_1.dcp' has been generated.
INFO: [Coretcl 2-1648] Added synthesis output to IP cache for IP c_addsub_1, cache-ID = 862cef07c9917087
INFO: [Coretcl 2-1174] Renamed 14 cell refs.
Write ShapeDB Complete: Time (s): cpu = 00:00:00 ; elapsed = 00:00:00 . Memory (MB): peak = 3798.762 ; gain = 0.000 ; free physical = 17187 ; free virtual = 52442
INFO: [Common 17-1381] The checkpoint '/home/imperator/Code/RecRepEvent/HW/EventRecRep.runs/c_addsub_1_synth_1/c_addsub_1.dcp' has been generated.
INFO: [Vivado 12-24828] Executing command : report_utilization -file c_addsub_1_utilization_synth.rpt -pb c_addsub_1_utilization_synth.pb
INFO: [Common 17-206] Exiting Vivado at Wed Apr 16 09:33:53 2025...
