Vivado Simulator v2024.2.0
Copyright 1986-2022 Xilinx, Inc. All Rights Reserved.
Copyright 2022-2024 Advanced Micro Devices, Inc. All Rights Reserved.
Running: /home/imperator/Xilinx/Vivado/2024.2/bin/unwrapped/lnx64.o/xelab --incr --debug typical --relax --mt 8 -L xil_defaultlib -L dist_mem_gen_v8_0_15 -L xbip_utils_v3_0_14 -L c_reg_fd_v12_0_10 -L xbip_dsp48_wrapper_v3_0_6 -L xbip_pipe_v3_0_10 -L c_addsub_v12_0_19 -L uvm -L unisims_ver -L unimacro_ver -L secureip -L xpm --snapshot kamil_ut_behav xil_defaultlib.kamil_ut xil_defaultlib.glbl -log elaborate.log 
Using 8 slave threads.
Starting static elaboration
Pass Through NonSizing Optimizer
WARNING: [VRFC 10-9380] size mismatch in mixed-language port association of VHDL port 'a' [/home/imperator/Code/RecRepEvent/HW/EventRecRep.srcs/sources_1/new/top.sv:315]
WARNING: [VRFC 10-9380] size mismatch in mixed-language port association of VHDL port 'a' [/home/imperator/Code/RecRepEvent/HW/EventRecRep.srcs/sources_1/new/top.sv:315]
WARNING: [VRFC 10-9380] size mismatch in mixed-language port association of VHDL port 'a' [/home/imperator/Code/RecRepEvent/HW/EventRecRep.srcs/sources_1/new/top.sv:315]
WARNING: [VRFC 10-9380] size mismatch in mixed-language port association of VHDL port 'a' [/home/imperator/Code/RecRepEvent/HW/EventRecRep.srcs/sources_1/new/top.sv:315]
WARNING: [VRFC 10-9380] size mismatch in mixed-language port association of VHDL port 'a' [/home/imperator/Code/RecRepEvent/HW/EventRecRep.srcs/sources_1/new/top.sv:315]
WARNING: [VRFC 10-9380] size mismatch in mixed-language port association of VHDL port 'a' [/home/imperator/Code/RecRepEvent/HW/EventRecRep.srcs/sources_1/new/top.sv:315]
WARNING: [VRFC 10-9380] size mismatch in mixed-language port association of VHDL port 'a' [/home/imperator/Code/RecRepEvent/HW/EventRecRep.srcs/sources_1/new/top.sv:315]
WARNING: [VRFC 10-9380] size mismatch in mixed-language port association of VHDL port 'a' [/home/imperator/Code/RecRepEvent/HW/EventRecRep.srcs/sources_1/new/top.sv:315]
WARNING: [VRFC 10-9380] size mismatch in mixed-language port association of VHDL port 'a' [/home/imperator/Code/RecRepEvent/HW/EventRecRep.srcs/sources_1/new/top.sv:315]
WARNING: [VRFC 10-9380] size mismatch in mixed-language port association of VHDL port 'a' [/home/imperator/Code/RecRepEvent/HW/EventRecRep.srcs/sources_1/new/top.sv:315]
WARNING: [VRFC 10-9380] size mismatch in mixed-language port association of VHDL port 'a' [/home/imperator/Code/RecRepEvent/HW/EventRecRep.srcs/sources_1/new/top.sv:315]
WARNING: [VRFC 10-9380] size mismatch in mixed-language port association of VHDL port 'a' [/home/imperator/Code/RecRepEvent/HW/EventRecRep.srcs/sources_1/new/top.sv:315]
WARNING: [VRFC 10-3091] actual bit length 8 differs from formal bit length 16 for port 'timestamp' [/home/imperator/Code/RecRepEvent/HW/EventRecRep.srcs/sim_1/new/test_top.sv:60]
WARNING: [VRFC 10-3091] actual bit length 14 differs from formal bit length 16 for port 'readback_addr' [/home/imperator/Code/RecRepEvent/HW/EventRecRep.srcs/sim_1/new/test_top.sv:63]
WARNING: [VRFC 10-3091] actual bit length 32 differs from formal bit length 16 for port 'addra' [/home/imperator/Code/RecRepEvent/HW/EventRecRep.srcs/sources_1/new/top.sv:62]
Completed static elaboration
Starting simulation data flow analysis
Completed simulation data flow analysis
Time Resolution for simulation is 1ps
Compiling package std.standard
Compiling package std.textio
Compiling package ieee.std_logic_1164
Compiling package ieee.numeric_std
Compiling package c_addsub_v12_0_19.c_addsub_v12_0_19_viv_comp
Compiling package xbip_utils_v3_0_14.xbip_utils_v3_0_14_pkg
Compiling package xbip_pipe_v3_0_10.xbip_pipe_v3_0_10_viv_comp
Compiling package c_addsub_v12_0_19.c_addsub_v12_0_19_pkg
Compiling package c_addsub_v12_0_19.c_addsub_v12_0_19_pkg_legacy
Compiling package c_reg_fd_v12_0_10.c_reg_fd_v12_0_10_viv_comp
Compiling package unisim.vcomponents
Compiling module xil_defaultlib.memory(DWIDTH=96,RAM_TYPE="block...
Compiling module xil_defaultlib.matrix_multiplication(INPUT_DIM=...
Compiling module xil_defaultlib.matrix_multiplication(INPUT_DIM=...
Compiling architecture structural of entity c_reg_fd_v12_0_10.c_reg_fd_v12_0_10_viv [\c_reg_fd_v12_0_10_viv(c_sync_pr...]
Compiling architecture structural of entity c_reg_fd_v12_0_10.c_reg_fd_v12_0_10_viv [\c_reg_fd_v12_0_10_viv(c_width=4...]
Compiling architecture muxcy_v of entity unisim.MUXCY [muxcy_default]
Compiling architecture xorcy_v of entity unisim.XORCY [xorcy_default]
Compiling architecture rtl of entity c_addsub_v12_0_19.c_addsub_v12_0_19_lut6_legacy [\c_addsub_v12_0_19_lut6_legacy(c...]
Compiling architecture synth of entity c_addsub_v12_0_19.c_addsub_v12_0_19_fabric_legacy [\c_addsub_v12_0_19_fabric_legacy...]
Compiling architecture structural of entity c_reg_fd_v12_0_10.c_reg_fd_v12_0_10_viv [\c_reg_fd_v12_0_10_viv(c_width=5...]
Compiling architecture rtl of entity c_addsub_v12_0_19.c_addsub_v12_0_19_lut6_legacy [\c_addsub_v12_0_19_lut6_legacy(c...]
Compiling architecture synth of entity c_addsub_v12_0_19.c_addsub_v12_0_19_fabric_legacy [\c_addsub_v12_0_19_fabric_legacy...]
Compiling architecture rtl of entity c_addsub_v12_0_19.c_addsub_v12_0_19_lut6_legacy [\c_addsub_v12_0_19_lut6_legacy(c...]
Compiling architecture synth of entity c_addsub_v12_0_19.c_addsub_v12_0_19_fabric_legacy [\c_addsub_v12_0_19_fabric_legacy...]
Compiling architecture synth of entity c_addsub_v12_0_19.c_addsub_v12_0_19_legacy [\c_addsub_v12_0_19_legacy(c_fami...]
Compiling architecture synth of entity c_addsub_v12_0_19.c_addsub_v12_0_19_viv [\c_addsub_v12_0_19_viv(c_xdevice...]
Compiling architecture xilinx of entity c_addsub_v12_0_19.c_addsub_v12_0_19 [\c_addsub_v12_0_19(c_xdevicefami...]
Compiling architecture c_addsub_0_arch of entity xil_defaultlib.c_addsub_0 [c_addsub_0_default]
Compiling module dist_mem_gen_v8_0_15.dist_mem_gen_v8_0_15(C_FAMILY="z...
Compiling module xil_defaultlib.dist_mem_gen_0
Compiling module xil_defaultlib.vector_multiplication(DIM=12)
Compiling architecture structural of entity c_reg_fd_v12_0_10.c_reg_fd_v12_0_10_viv [\c_reg_fd_v12_0_10_viv(c_ainit_v...]
Compiling architecture rtl of entity c_addsub_v12_0_19.c_addsub_v12_0_19_lut6_legacy [\c_addsub_v12_0_19_lut6_legacy(c...]
Compiling architecture synth of entity c_addsub_v12_0_19.c_addsub_v12_0_19_fabric_legacy [\c_addsub_v12_0_19_fabric_legacy...]
Compiling architecture rtl of entity c_addsub_v12_0_19.c_addsub_v12_0_19_lut6_legacy [\c_addsub_v12_0_19_lut6_legacy(c...]
Compiling architecture synth of entity c_addsub_v12_0_19.c_addsub_v12_0_19_fabric_legacy [\c_addsub_v12_0_19_fabric_legacy...]
Compiling architecture rtl of entity c_addsub_v12_0_19.c_addsub_v12_0_19_lut6_legacy [\c_addsub_v12_0_19_lut6_legacy(c...]
Compiling architecture synth of entity c_addsub_v12_0_19.c_addsub_v12_0_19_fabric_legacy [\c_addsub_v12_0_19_fabric_legacy...]
Compiling architecture synth of entity c_addsub_v12_0_19.c_addsub_v12_0_19_legacy [\c_addsub_v12_0_19_legacy(c_fami...]
Compiling architecture synth of entity c_addsub_v12_0_19.c_addsub_v12_0_19_viv [\c_addsub_v12_0_19_viv(c_xdevice...]
Compiling architecture xilinx of entity c_addsub_v12_0_19.c_addsub_v12_0_19 [\c_addsub_v12_0_19(c_xdevicefami...]
Compiling architecture c_addsub_1_arch of entity xil_defaultlib.c_addsub_1 [c_addsub_1_default]
Compiling module dist_mem_gen_v8_0_15.dist_mem_gen_v8_0_15(C_FAMILY="z...
Compiling module xil_defaultlib.dist_mem_gen_3
Compiling module dist_mem_gen_v8_0_15.dist_mem_gen_v8_0_15(C_FAMILY="z...
Compiling module xil_defaultlib.dist_mem_gen_2
Compiling module xil_defaultlib.add_vectors_rescale(DIM=12,MULTI...
Compiling module xil_defaultlib.delay_single(N=1)
Compiling module xil_defaultlib.delay_module(N=1,DELAY=16)
Compiling module xil_defaultlib.delay_single(N=8)
Compiling module xil_defaultlib.delay_module(N=8,DELAY=3)
Compiling module xil_defaultlib.delay_single(N=9)
Compiling module xil_defaultlib.delay_module(N=9,DELAY=5)
Compiling module xil_defaultlib.delay_module(N=8)
Compiling module xil_defaultlib.delay_module(N=8,DELAY=4)
Compiling module xil_defaultlib.top_default
Compiling module xil_defaultlib.kamil_ut
Compiling module xil_defaultlib.glbl
Built simulation snapshot kamil_ut_behav
